eth0      Link encap:Ethernet  HWaddr b8:27:eb:34:b6:3c  
          inet addr:192.168.200.98  Bcast:192.168.200.255  Mask:255.255.255.0
          UP BROADCAST RUNNING MULTICAST  MTU:1500  Metric:1
          RX packets:90180 errors:0 dropped:0 overruns:0 frame:0
          TX packets:13005 errors:0 dropped:0 overruns:0 carrier:0
          collisions:0 txqueuelen:1000 
          RX bytes:5637176 (5.3 MiB)  TX bytes:1743315 (1.6 MiB)

lo        Link encap:Local Loopback  
          inet addr:127.0.0.1  Mask:255.0.0.0
          UP LOOPBACK RUNNING  MTU:65536  Metric:1
          RX packets:42 errors:0 dropped:0 overruns:0 frame:0
          TX packets:42 errors:0 dropped:0 overruns:0 carrier:0
          collisions:0 txqueuelen:0 
          RX bytes:3984 (3.8 KiB)  TX bytes:3984 (3.8 KiB)

wlan0     Link encap:Ethernet  HWaddr 00:8c:66:00:11:44  
          inet addr:192.168.200.83  Bcast:192.168.200.255  Mask:255.255.255.0
          UP BROADCAST RUNNING MULTICAST  MTU:1500  Metric:1
          RX packets:1007 errors:0 dropped:3 overruns:0 frame:0
          TX packets:82 errors:0 dropped:0 overruns:0 carrier:0
          collisions:0 txqueuelen:1000 
          RX bytes:117987 (115.2 KiB)  TX bytes:17380 (16.9 KiB)

===== wifi-config.py 2014-07-18 19:41:31.208573 =====

usb_root = /media/1062-4FFB
wifi_config = wifi-config.txt
custom_config = wpa_supplicant.conf
config_path = /media/1062-4FFB/wifi-config.txt
custom_path = /media/1062-4FFB/wpa_supplicant.conf

Configuration file /media/1062-4FFB/wifi-config.txt found!
Generating wpa_supplicant...
Parsed configuration = {'security': 'wep', 'ssid': '09FX03011334', 'key': '4D33584557'}
Using wep template...
Generated wpa_supplicant.conf...

ctrl_interface=DIR=/var/run/wpa_supplicant GROUP=netdev
update_config=1

network={
  ssid="09FX03011334"
  key_mgmt=NONE
  wep_key0=4D33584557
  wep_key1="otherkeyhere"
  wep_tx_keyidx=0
  priority=5
}


Copying wpa_supplicant.conf to device...
Attempting to restart networking...
Results of ifconfig
eth0      Link encap:Ethernet  HWaddr b8:27:eb:34:b6:3c  
          inet addr:192.168.200.98  Bcast:192.168.200.255  Mask:255.255.255.0
          UP BROADCAST RUNNING MULTICAST  MTU:1500  Metric:1
          RX packets:846 errors:0 dropped:0 overruns:0 frame:0
          TX packets:391 errors:0 dropped:0 overruns:0 carrier:0
          collisions:0 txqueuelen:1000 
          RX bytes:57286 (55.9 KiB)  TX bytes:58542 (57.1 KiB)

lo        Link encap:Local Loopback  
          inet addr:127.0.0.1  Mask:255.0.0.0
          UP LOOPBACK RUNNING  MTU:65536  Metric:1
          RX packets:8 errors:0 dropped:0 overruns:0 frame:0
          TX packets:8 errors:0 dropped:0 overruns:0 carrier:0
          collisions:0 txqueuelen:0 
          RX bytes:1104 (1.0 KiB)  TX bytes:1104 (1.0 KiB)

wlan0     Link encap:Ethernet  HWaddr 00:8c:66:00:11:44  
          inet addr:192.168.200.83  Bcast:192.168.200.255  Mask:255.255.255.0
          UP BROADCAST RUNNING MULTICAST  MTU:1500  Metric:1
          RX packets:4 errors:0 dropped:1 overruns:0 frame:0
          TX packets:3 errors:0 dropped:0 overruns:0 carrier:0
          collisions:0 txqueuelen:1000 
          RX bytes:1231 (1.2 KiB)  TX bytes:1096 (1.0 KiB)

===== wifi-config.py 2014-07-18 20:17:39.948482 =====

usb_root = /media/1062-4FFB
wifi_config = wifi-config.txt
custom_config = wpa_supplicant.conf
config_path = /media/1062-4FFB/wifi-config.txt
custom_path = /media/1062-4FFB/wpa_supplicant.conf

Configuration file /media/1062-4FFB/wifi-config.txt found!
Generating wpa_supplicant...
Parsed configuration = {'security': 'wep', 'ssid': '09FX03011334', 'key': '4D33584557'}
Using wep template...
Generated wpa_supplicant.conf...

ctrl_interface=DIR=/var/run/wpa_supplicant GROUP=netdev
update_config=1

network={
  ssid="09FX03011334"
  key_mgmt=NONE
  wep_key0=4D33584557
  wep_key1="otherkeyhere"
  wep_tx_keyidx=0
  priority=5
}


Copying wpa_supplicant.conf to device...
Attempting to restart networking...
Results of ifconfig
===== wifi-config.py 2014-07-18 23:19:14.941331 =====

usb_root = /media/1062-4FFB
wifi_config = wifi-config.txt
custom_config = wpa_supplicant.conf
config_path = /media/1062-4FFB/wifi-config.txt
custom_path = /media/1062-4FFB/wpa_supplicant.conf

Configuration file /media/1062-4FFB/wifi-config.txt found!
Generating wpa_supplicant...
Parsed configuration = {'security': 'wpa', 'ssid': 'CSDL', 'key': "drags62'yelp"}
Using wpa template...
eth0      Link encap:Ethernet  HWaddr b8:27:eb:34:b6:3c  
          inet addr:128.171.10.178  Bcast:128.171.1.50  Mask:255.255.255.0
          UP BROADCAST RUNNING MULTICAST  MTU:1500  Metric:1
          RX packets:3271 errors:0 dropped:0 overruns:0 frame:0
          TX packets:3908 errors:0 dropped:0 overruns:0 carrier:0
          collisions:0 txqueuelen:1000 
          RX bytes:191401 (186.9 KiB)  TX bytes:5409024 (5.1 MiB)

lo        Link encap:Local Loopback  
          inet addr:127.0.0.1  Mask:255.0.0.0
          UP LOOPBACK RUNNING  MTU:65536  Metric:1
          RX packets:0 errors:0 dropped:0 overruns:0 frame:0
          TX packets:0 errors:0 dropped:0 overruns:0 carrier:0
          collisions:0 txqueuelen:0 
          RX bytes:0 (0.0 B)  TX bytes:0 (0.0 B)

wlan0     Link encap:Ethernet  HWaddr 00:8c:66:00:11:44  
          inet addr:10.0.10.13  Bcast:10.0.10.255  Mask:255.255.255.0
          UP BROADCAST RUNNING MULTICAST  MTU:1500  Metric:1
          RX packets:31 errors:0 dropped:41 overruns:0 frame:0
          TX packets:9 errors:0 dropped:0 overruns:0 carrier:0
          collisions:0 txqueuelen:1000 
          RX bytes:15796 (15.4 KiB)  TX bytes:2878 (2.8 KiB)

===== wifi-config.py 2014-07-18 23:28:49.135735 =====

usb_root = /media/1062-4FFB
wifi_config = wifi-config.txt
custom_config = wpa_supplicant.conf
config_path = /media/1062-4FFB/wifi-config.txt
custom_path = /media/1062-4FFB/wpa_supplicant.conf

Configuration file /media/1062-4FFB/wifi-config.txt found!
Generating wpa_supplicant...
Parsed configuration = {'security': 'wpa', 'ssid': 'CSDL', 'key': "drags62'yelp"}
Using wpa template...
Generated wpa_supplicant.conf...

ctrl_interface=DIR=/var/run/wpa_supplicant GROUP=netdev
update_config=1

network={
  ssid="CSDL"	
  proto=RSN
  key_mgmt=WPA-PSK WPA-EAP
  pairwise=CCMP TKIP
  psk="drags62'yelp"
}


Copying wpa_supplicant.conf to device...
Attempting to restart networking...
Results of ifconfig
